::1 - - [10/Aug/2023:05:49:14 +0000] "GET /api/v1/categories HTTP/1.1" 500 1849 "-" "PostmanRuntime/7.32.3"
::1 - - [10/Aug/2023:05:50:11 +0000] "GET /api/v1/categories HTTP/1.1" 200 49 "-" "PostmanRuntime/7.32.3"
::1 - - [10/Aug/2023:05:59:38 +0000] "POST /api/v1/categories/123 HTTP/1.1" 200 67 "-" "PostmanRuntime/7.32.3"
::1 - - [10/Aug/2023:05:59:48 +0000] "PUT /api/v1/categories/123 HTTP/1.1" 200 67 "-" "PostmanRuntime/7.32.3"
::1 - - [10/Aug/2023:05:59:55 +0000] "DELETE /api/v1/categories/123 HTTP/1.1" 200 67 "-" "PostmanRuntime/7.32.3"
::1 - - [10/Aug/2023:06:00:02 +0000] "GET /api/v1/categories/123 HTTP/1.1" 200 56 "-" "PostmanRuntime/7.32.3"
::1 - - [10/Aug/2023:06:13:14 +0000] "PUT /api/v1/categories/12 HTTP/1.1" 200 66 "-" "PostmanRuntime/7.32.3"
::1 - - [10/Aug/2023:06:30:39 +0000] "GET /api/v1/categories/12 HTTP/1.1" 200 55 "-" "PostmanRuntime/7.32.3"
::1 - - [10/Aug/2023:06:30:44 +0000] "GET /api/v1/categories HTTP/1.1" 200 49 "-" "PostmanRuntime/7.32.3"
::1 - - [10/Aug/2023:06:30:52 +0000] "DELETE /api/v1/categories/1 HTTP/1.1" 200 65 "-" "PostmanRuntime/7.32.3"
::1 - - [11/Aug/2023:01:50:18 +0000] "GET /api/v1/categories HTTP/1.1" 200 49 "-" "PostmanRuntime/7.32.3"
::1 - - [11/Aug/2023:01:51:58 +0000] "GET /api/v1/categorie/1 HTTP/1.1" 404 157 "-" "PostmanRuntime/7.32.3"
::1 - - [11/Aug/2023:01:52:09 +0000] "GET /api/v1/categorie/1 HTTP/1.1" 404 157 "-" "PostmanRuntime/7.32.3"
::1 - - [11/Aug/2023:01:53:39 +0000] "GET /api/v1/categories/1 HTTP/1.1" 200 54 "-" "PostmanRuntime/7.32.3"
::1 - - [11/Aug/2023:01:55:00 +0000] "POST /api/v1/categories HTTP/1.1" 200 73 "-" "PostmanRuntime/7.32.3"
::1 - - [11/Aug/2023:01:55:25 +0000] "POST /api/v1/categories HTTP/1.1" 200 56 "-" "PostmanRuntime/7.32.3"
::1 - - [11/Aug/2023:01:55:59 +0000] "PUT /api/v1/categories/1 HTTP/1.1" 200 65 "-" "PostmanRuntime/7.32.3"
::1 - - [11/Aug/2023:01:56:30 +0000] "DELETE /api/v1/categories/1 HTTP/1.1" 200 65 "-" "PostmanRuntime/7.32.3"
::1 - - [11/Aug/2023:01:59:09 +0000] "POST /api/v1/categories HTTP/1.1" 200 56 "-" "PostmanRuntime/7.32.3"
::1 - - [11/Aug/2023:02:04:44 +0000] "POST /api/v1/categories HTTP/1.1" 200 56 "-" "PostmanRuntime/7.32.3"
::1 - - [11/Aug/2023:05:52:38 +0000] "POST /api/v1/categories HTTP/1.1" 200 56 "-" "PostmanRuntime/7.32.3"
::1 - - [11/Aug/2023:05:57:52 +0000] "POST /api/v1/categories HTTP/1.1" 400 474 "-" "PostmanRuntime/7.32.3"
::1 - - [11/Aug/2023:05:58:40 +0000] "POST /api/v1/categories HTTP/1.1" 200 235 "-" "PostmanRuntime/7.32.3"
::1 - - [11/Aug/2023:06:00:00 +0000] "POST /api/v1/categories HTTP/1.1" 400 120 "-" "PostmanRuntime/7.32.3"
::1 - - [11/Aug/2023:06:00:53 +0000] "POST /api/v1/categories HTTP/1.1" 400 117 "-" "PostmanRuntime/7.32.3"
::1 - - [11/Aug/2023:06:01:40 +0000] "POST /api/v1/categories HTTP/1.1" 400 118 "-" "PostmanRuntime/7.32.3"
::1 - - [11/Aug/2023:06:04:15 +0000] "POST /api/v1/categories HTTP/1.1" 400 118 "-" "PostmanRuntime/7.32.3"
::1 - - [11/Aug/2023:06:07:08 +0000] "POST /api/v1/categories HTTP/1.1" 200 233 "-" "PostmanRuntime/7.32.3"
::1 - - [11/Aug/2023:06:28:06 +0000] "GET /api/v1/categories/64d5d00cecdba45ffaeaab6b HTTP/1.1" 200 233 "-" "PostmanRuntime/7.32.3"
::1 - - [11/Aug/2023:06:35:58 +0000] "GET /api/v1/categories/64d5d00cecdba45ffaeaab61 HTTP/1.1" 400 87 "-" "PostmanRuntime/7.32.3"
::1 - - [11/Aug/2023:06:36:49 +0000] "GET /api/v1/categories/64d5d00cecdba45ffaeaab61 HTTP/1.1" 400 87 "-" "PostmanRuntime/7.32.3"
::1 - - [11/Aug/2023:06:36:54 +0000] "GET /api/v1/categories/64d5d00cecdba45ffaeaab6 HTTP/1.1" 400 149 "-" "PostmanRuntime/7.32.3"
::1 - - [11/Aug/2023:06:51:58 +0000] "GET /api/v1/categories/64d5d00cecdba45ffaeaab6 HTTP/1.1" 500 149 "-" "PostmanRuntime/7.32.3"
::1 - - [11/Aug/2023:06:52:10 +0000] "GET /api/v1/categories/64d5d00cecdba45ffaeaab61 HTTP/1.1" 400 87 "-" "PostmanRuntime/7.32.3"
::1 - - [11/Aug/2023:06:54:06 +0000] "GET /api/v1/categories/64d5d00cecdba45ffaeaab61 HTTP/1.1" 400 95 "-" "PostmanRuntime/7.32.3"
::1 - - [11/Aug/2023:07:10:21 +0000] "GET /api/v1/categories HTTP/1.1" 200 447 "-" "PostmanRuntime/7.32.3"
::1 - - [11/Aug/2023:07:10:40 +0000] "GET /api/v1/categories/64d5d00cecdba45ffaeaab6b HTTP/1.1" 200 233 "-" "PostmanRuntime/7.32.3"
::1 - - [11/Aug/2023:07:10:47 +0000] "GET /api/v1/categories/64d5d00cecdba45ffaeaab61 HTTP/1.1" 400 95 "-" "PostmanRuntime/7.32.3"
::1 - - [11/Aug/2023:07:12:08 +0000] "GET /api/v1/categories HTTP/1.1" 200 447 "-" "PostmanRuntime/7.32.3"
::1 - - [11/Aug/2023:07:29:39 +0000] "GET /api/v1/categories HTTP/1.1" 200 447 "-" "PostmanRuntime/7.32.3"
::1 - - [11/Aug/2023:07:29:51 +0000] "GET /api/v1/categories/64d5d00cecdba45ffaeaab6b HTTP/1.1" 200 233 "-" "PostmanRuntime/7.32.3"
::1 - - [11/Aug/2023:07:30:08 +0000] "GET /api/v1/categories/64d5ce10cb520fa39eb61dc3 HTTP/1.1" 200 235 "-" "PostmanRuntime/7.32.3"
::1 - - [11/Aug/2023:07:30:31 +0000] "GET /api/v1/categories/64d5ce10cb520fa39eb61dc2 HTTP/1.1" 400 88 "-" "PostmanRuntime/7.32.3"
::1 - - [11/Aug/2023:07:56:39 +0000] "GET /api/v1/categories/64d5ce10cb520fa39eb61dc2 HTTP/1.1" 400 88 "-" "PostmanRuntime/7.32.3"
::1 - - [11/Aug/2023:07:56:43 +0000] "GET /api/v1/categories/64d5ce10cb520fa39eb61dc HTTP/1.1" 500 69 "-" "PostmanRuntime/7.32.3"
::1 - - [11/Aug/2023:07:57:09 +0000] "GET /api/v1/categories/64d5ce10cb520fa39eb61dc HTTP/1.1" 500 69 "-" "PostmanRuntime/7.32.3"
::1 - - [11/Aug/2023:07:58:55 +0000] "GET /api/v1/categories/64d5ce10cb520fa39eb61dc HTTP/1.1" 500 69 "-" "PostmanRuntime/7.32.3"
::1 - - [11/Aug/2023:07:59:23 +0000] "GET /api/v1/categories HTTP/1.1" 200 447 "-" "PostmanRuntime/7.32.3"
::1 - - [11/Aug/2023:07:59:29 +0000] "GET /api/v1/categories/64d5ce10cb520fa39eb61 HTTP/1.1" 500 69 "-" "PostmanRuntime/7.32.3"
::1 - - [11/Aug/2023:07:59:54 +0000] "GET /api/v1/categories/64d5ce10cb520fa39eb61 HTTP/1.1" 400 69 "-" "PostmanRuntime/7.32.3"
::1 - - [11/Aug/2023:08:00:28 +0000] "POST /api/v1/categories HTTP/1.1" 400 698 "-" "PostmanRuntime/7.32.3"
::1 - - [11/Aug/2023:08:07:21 +0000] "POST /api/v1/categories HTTP/1.1" 400 450 "-" "PostmanRuntime/7.32.3"
::1 - - [11/Aug/2023:08:07:44 +0000] "POST /api/v1/categories HTTP/1.1" 400 116 "-" "PostmanRuntime/7.32.3"
::1 - - [11/Aug/2023:08:09:26 +0000] "POST /api/v1/categories HTTP/1.1" 400 116 "-" "PostmanRuntime/7.32.3"
::1 - - [11/Aug/2023:08:11:45 +0000] "POST /api/v1/categories HTTP/1.1" 400 116 "-" "PostmanRuntime/7.32.3"
::1 - - [11/Aug/2023:08:11:50 +0000] "POST /api/v1/categories HTTP/1.1" 400 116 "-" "PostmanRuntime/7.32.3"
::1 - - [11/Aug/2023:08:12:06 +0000] "POST /api/v1/categories HTTP/1.1" 400 116 "-" "PostmanRuntime/7.32.3"
::1 - - [11/Aug/2023:08:12:32 +0000] "POST /api/v1/categories HTTP/1.1" 400 116 "-" "PostmanRuntime/7.32.3"
::1 - - [11/Aug/2023:08:13:03 +0000] "GET /api/v1/categories/64d5ce10cb520fa39eb61 HTTP/1.1" 500 1451 "-" "PostmanRuntime/7.32.3"
::1 - - [11/Aug/2023:08:50:41 +0000] "GET /api/v1/categories/64d5ce10cb520fa39eb61 HTTP/1.1" 500 17 "-" "PostmanRuntime/7.32.3"
::1 - - [11/Aug/2023:09:00:05 +0000] "POST /api/v1/categories HTTP/1.1" 400 116 "-" "PostmanRuntime/7.32.3"
::1 - - [11/Aug/2023:09:04:03 +0000] "POST /api/v1/categories HTTP/1.1" 400 116 "-" "PostmanRuntime/7.32.3"
::1 - - [11/Aug/2023:09:07:53 +0000] "GET /api/v1/categories/64d5ce10cb520fa39eb61 HTTP/1.1" 500 17 "-" "PostmanRuntime/7.32.3"
::1 - - [11/Aug/2023:09:11:33 +0000] "GET /api/v1/categories/64d5ce10cb520fa39eb61 HTTP/1.1" 500 17 "-" "PostmanRuntime/7.32.3"
::1 - - [11/Aug/2023:09:12:16 +0000] "GET /api/v1/categories/64d5ce10cb520fa39eb61 HTTP/1.1" 500 17 "-" "PostmanRuntime/7.32.3"
::1 - - [11/Aug/2023:09:12:47 +0000] "GET /api/v1/categories/64d5ce10cb520fa39eb61 HTTP/1.1" 500 165 "-" "PostmanRuntime/7.32.3"
::1 - - [11/Aug/2023:09:13:06 +0000] "POST /api/v1/categories HTTP/1.1" 400 116 "-" "PostmanRuntime/7.32.3"
::1 - - [11/Aug/2023:09:13:13 +0000] "GET /api/v1/categories/64d5ce10cb520fa39eb61 HTTP/1.1" 500 165 "-" "PostmanRuntime/7.32.3"
::1 - - [11/Aug/2023:09:15:17 +0000] "GET /api/v1/categories/64d5ce10cb520fa39eb61 HTTP/1.1" 500 165 "-" "PostmanRuntime/7.32.3"
::1 - - [11/Aug/2023:09:16:03 +0000] "GET /api/v1/categories/64d5ce10cb520fa39eb61 HTTP/1.1" 500 165 "-" "PostmanRuntime/7.32.3"
::1 - - [11/Aug/2023:09:16:57 +0000] "POST /api/v1/categories HTTP/1.1" 400 116 "-" "PostmanRuntime/7.32.3"
::1 - - [11/Aug/2023:09:18:26 +0000] "GET /api/v1/categories/64d5ce10cb520fa39e HTTP/1.1" 500 159 "-" "PostmanRuntime/7.32.3"
::1 - - [11/Aug/2023:09:21:08 +0000] "GET /api/v1/categories/64d5ce10cb520fa39e HTTP/1.1" 400 230 "-" "PostmanRuntime/7.32.3"
::1 - - [11/Aug/2023:09:21:24 +0000] "POST /api/v1/categories HTTP/1.1" 400 116 "-" "PostmanRuntime/7.32.3"
::1 - - [11/Aug/2023:09:22:11 +0000] "POST /api/v1/categories HTTP/1.1" 400 116 "-" "PostmanRuntime/7.32.3"
::1 - - [11/Aug/2023:09:22:37 +0000] "POST /api/v1/categories HTTP/1.1" 400 116 "-" "PostmanRuntime/7.32.3"
::1 - - [11/Aug/2023:09:23:28 +0000] "POST /api/v1/categories HTTP/1.1" 400 116 "-" "PostmanRuntime/7.32.3"
::1 - - [15/Aug/2023:05:47:49 +0000] "GET /api/v1/categories HTTP/1.1" 200 447 "-" "PostmanRuntime/7.32.3"
::1 - - [15/Aug/2023:05:49:01 +0000] "GET /api/v1/categories HTTP/1.1" 200 447 "-" "PostmanRuntime/7.32.3"
::1 - - [15/Aug/2023:05:50:13 +0000] "GET /api/v1/categories HTTP/1.1" 200 447 "-" "PostmanRuntime/7.32.3"
::1 - - [15/Aug/2023:05:57:42 +0000] "GET /api/v1/categories/64d5ce10cb520fa39e HTTP/1.1" 500 230 "-" "PostmanRuntime/7.32.3"
::1 - - [15/Aug/2023:05:57:59 +0000] "POST /api/v1/categories HTTP/1.1" 400 116 "-" "PostmanRuntime/7.32.3"
::1 - - [15/Aug/2023:05:58:45 +0000] "POST /api/v1/categories HTTP/1.1" 400 116 "-" "PostmanRuntime/7.32.3"
::1 - - [15/Aug/2023:05:58:57 +0000] "POST /api/v1/categories HTTP/1.1" 400 116 "-" "PostmanRuntime/7.32.3"
::1 - - [15/Aug/2023:05:59:05 +0000] "POST /api/v1/categories HTTP/1.1" 400 116 "-" "PostmanRuntime/7.32.3"
::1 - - [15/Aug/2023:05:59:29 +0000] "GET /api/v1/categories/64d5ce10cb520fa39e HTTP/1.1" 500 230 "-" "PostmanRuntime/7.32.3"
::1 - - [15/Aug/2023:06:00:04 +0000] "POST /api/v1/categories HTTP/1.1" 400 116 "-" "PostmanRuntime/7.32.3"
::1 - - [15/Aug/2023:06:01:21 +0000] "POST /api/v1/categories HTTP/1.1" 500 203 "-" "PostmanRuntime/7.32.3"
::1 - - [15/Aug/2023:06:10:44 +0000] "GET /api/v1/categories HTTP/1.1" 200 447 "-" "PostmanRuntime/7.32.3"
::1 - - [15/Aug/2023:06:11:44 +0000] "GET /api/v1/categories HTTP/1.1" 200 447 "-" "PostmanRuntime/7.32.3"
::1 - - [15/Aug/2023:06:13:26 +0000] "GET /api/v1/categories HTTP/1.1" 200 447 "-" "PostmanRuntime/7.32.3"
::1 - - [15/Aug/2023:06:13:37 +0000] "GET /api/v1/categories HTTP/1.1" 200 447 "-" "PostmanRuntime/7.32.3"
::1 - - [15/Aug/2023:06:14:23 +0000] "GET /api/v1/categories HTTP/1.1" 200 447 "-" "PostmanRuntime/7.32.3"
::1 - - [15/Aug/2023:07:47:19 +0000] "GET /api/v1/categories HTTP/1.1" 200 447 "-" "PostmanRuntime/7.32.3"
::1 - - [15/Aug/2023:07:47:59 +0000] "GET /api/v1/categories HTTP/1.1" 200 447 "-" "PostmanRuntime/7.32.3"
::1 - - [15/Aug/2023:07:49:39 +0000] "GET /api/v1/categories HTTP/1.1" 200 447 "-" "PostmanRuntime/7.32.3"
::1 - - [15/Aug/2023:07:51:05 +0000] "GET /api/v1/categories HTTP/1.1" 200 447 "-" "PostmanRuntime/7.32.3"
::ffff:127.0.0.1 - - [06/Sep/2023:07:42:35 +0000] "GET / HTTP/1.1" 404 139 "-" "Mozilla/5.0 (X11; Ubuntu; Linux x86_64; rv:109.0) Gecko/20100101 Firefox/116.0"
::ffff:127.0.0.1 - - [06/Sep/2023:07:43:01 +0000] "GET / HTTP/1.1" 404 139 "-" "Mozilla/5.0 (X11; Ubuntu; Linux x86_64; rv:109.0) Gecko/20100101 Firefox/116.0"
::ffff:127.0.0.1 - - [06/Sep/2023:07:44:05 +0000] "GET /api/v1/categories/ HTTP/1.1" 200 26 "-" "Mozilla/5.0 (X11; Ubuntu; Linux x86_64; rv:109.0) Gecko/20100101 Firefox/116.0"
::ffff:127.0.0.1 - - [06/Sep/2023:07:44:17 +0000] "GET /api/v1/categories/ HTTP/1.1" 304 - "-" "Mozilla/5.0 (X11; Ubuntu; Linux x86_64; rv:109.0) Gecko/20100101 Firefox/116.0"
::ffff:127.0.0.1 - - [06/Sep/2023:07:44:43 +0000] "GET /api/v1/categories/12 HTTP/1.1" 500 198 "-" "Mozilla/5.0 (X11; Ubuntu; Linux x86_64; rv:109.0) Gecko/20100101 Firefox/116.0"
::1 - - [06/Sep/2023:07:45:58 +0000] "GET /api/v1/categories HTTP/1.1" 200 26 "-" "PostmanRuntime/7.32.3"
::1 - - [06/Sep/2023:07:46:08 +0000] "GET /api/v1/categories/64d5d00cecdba45ffaeaab6b HTTP/1.1" 400 44 "-" "PostmanRuntime/7.32.3"
::ffff:127.0.0.1 - - [06/Sep/2023:07:46:22 +0000] "GET /api/v1/categories/64d5d00cecdba45ffaeaab6b HTTP/1.1" 400 44 "-" "Mozilla/5.0 (X11; Ubuntu; Linux x86_64; rv:109.0) Gecko/20100101 Firefox/116.0"
::ffff:127.0.0.1 - - [06/Sep/2023:07:46:32 +0000] "GET /api/v1/categories/64d5d00cecdba45ffaeaab6b HTTP/1.1" 400 44 "-" "Mozilla/5.0 (X11; Ubuntu; Linux x86_64; rv:109.0) Gecko/20100101 Firefox/116.0"
::ffff:127.0.0.1 - - [06/Sep/2023:07:49:49 +0000] "GET /api/v1/categories HTTP/1.1" 500 26 "-" "Mozilla/5.0 (X11; Ubuntu; Linux x86_64; rv:109.0) Gecko/20100101 Firefox/116.0"
::ffff:127.0.0.1 - - [06/Sep/2023:07:49:56 +0000] "GET /api/v1/categories HTTP/1.1" 500 - "-" "Mozilla/5.0 (X11; Ubuntu; Linux x86_64; rv:109.0) Gecko/20100101 Firefox/116.0"
::1 - - [06/Sep/2023:07:50:32 +0000] "POST /api/v1/categories HTTP/1.1" 200 235 "-" "PostmanRuntime/7.32.3"
::1 - - [06/Sep/2023:07:50:36 +0000] "GET /api/v1/categories HTTP/1.1" 500 237 "-" "PostmanRuntime/7.32.3"
::ffff:127.0.0.1 - - [06/Sep/2023:07:50:42 +0000] "GET /api/v1/categories HTTP/1.1" 500 237 "-" "Mozilla/5.0 (X11; Ubuntu; Linux x86_64; rv:109.0) Gecko/20100101 Firefox/116.0"
::1 - - [06/Sep/2023:07:52:01 +0000] "GET /api/v1/categories/64f82f483671dda5df43a9cd HTTP/1.1" 200 235 "-" "PostmanRuntime/7.32.3"
::ffff:127.0.0.1 - - [06/Sep/2023:07:52:18 +0000] "GET /api/v1/categories HTTP/1.1" 500 - "-" "Mozilla/5.0 (X11; Ubuntu; Linux x86_64; rv:109.0) Gecko/20100101 Firefox/116.0"
::ffff:127.0.0.1 - - [06/Sep/2023:07:53:33 +0000] "GET /api/v1/categories HTTP/1.1" 304 - "-" "Mozilla/5.0 (X11; Ubuntu; Linux x86_64; rv:109.0) Gecko/20100101 Firefox/116.0"
::ffff:127.0.0.1 - - [06/Sep/2023:07:53:34 +0000] "GET /api/v1/categories HTTP/1.1" 304 - "-" "Mozilla/5.0 (X11; Ubuntu; Linux x86_64; rv:109.0) Gecko/20100101 Firefox/116.0"
::ffff:127.0.0.1 - - [06/Sep/2023:08:53:10 +0000] "GET /api/v1/categories HTTP/1.1" 304 - "-" "Mozilla/5.0 (X11; Ubuntu; Linux x86_64; rv:109.0) Gecko/20100101 Firefox/116.0"
::ffff:127.0.0.1 - - [06/Sep/2023:08:54:05 +0000] "GET /api/v1/categories HTTP/1.1" 304 - "-" "Mozilla/5.0 (X11; Ubuntu; Linux x86_64; rv:109.0) Gecko/20100101 Firefox/116.0"
::ffff:127.0.0.1 - - [06/Sep/2023:08:54:12 +0000] "GET /api/v1/categories HTTP/1.1" 304 - "-" "Mozilla/5.0 (X11; Ubuntu; Linux x86_64; rv:109.0) Gecko/20100101 Firefox/116.0"
::ffff:127.0.0.1 - - [06/Sep/2023:08:54:13 +0000] "GET /api/v1/categories HTTP/1.1" 304 - "-" "Mozilla/5.0 (X11; Ubuntu; Linux x86_64; rv:109.0) Gecko/20100101 Firefox/116.0"
::ffff:127.0.0.1 - - [06/Sep/2023:08:54:14 +0000] "GET /api/v1/categories HTTP/1.1" 304 - "-" "Mozilla/5.0 (X11; Ubuntu; Linux x86_64; rv:109.0) Gecko/20100101 Firefox/116.0"
::ffff:127.0.0.1 - - [06/Sep/2023:08:54:15 +0000] "GET /api/v1/categories HTTP/1.1" 304 - "-" "Mozilla/5.0 (X11; Ubuntu; Linux x86_64; rv:109.0) Gecko/20100101 Firefox/116.0"
::ffff:127.0.0.1 - - [06/Sep/2023:08:54:23 +0000] "GET /api/v1/categories/64f82f483671dda5df43a9cd HTTP/1.1" 200 235 "-" "Mozilla/5.0 (X11; Ubuntu; Linux x86_64; rv:109.0) Gecko/20100101 Firefox/116.0"
::ffff:127.0.0.1 - - [06/Sep/2023:08:54:32 +0000] "GET /api/v1/categories/64f82f483671dda5df43a9cd HTTP/1.1" 304 - "-" "Mozilla/5.0 (X11; Ubuntu; Linux x86_64; rv:109.0) Gecko/20100101 Firefox/116.0"
::ffff:127.0.0.1 - - [06/Sep/2023:08:54:35 +0000] "GET /api/v1/categories/64f82f483671dda5df43a9cd HTTP/1.1" 304 - "-" "Mozilla/5.0 (X11; Ubuntu; Linux x86_64; rv:109.0) Gecko/20100101 Firefox/116.0"
::ffff:127.0.0.1 - - [06/Sep/2023:15:13:37 +0000] "GET /api/v1/categories/64f82f483671dda5df43a9cd HTTP/1.1" 304 - "-" "Mozilla/5.0 (X11; Ubuntu; Linux x86_64; rv:109.0) Gecko/20100101 Firefox/116.0"
::ffff:127.0.0.1 - - [06/Sep/2023:15:24:35 +0000] "GET /api/v1/categories/64f82f483671dda5df43a9cd HTTP/1.1" 304 - "-" "Mozilla/5.0 (X11; Ubuntu; Linux x86_64; rv:109.0) Gecko/20100101 Firefox/116.0"
