::1 - - [11/Sep/2023:07:02:04 +0000] "GET /api/v1/categories HTTP/1.1" 200 237 "-" "PostmanRuntime/7.32.3"
::1 - - [11/Sep/2023:07:02:39 +0000] "GET /api/v1/categories/64f943b0e166f2d5599abf48 HTTP/1.1" 200 235 "-" "PostmanRuntime/7.32.3"
::1 - - [11/Sep/2023:07:02:55 +0000] "POST /api/v1/categories HTTP/1.1" 500 205 "-" "PostmanRuntime/7.32.3"
::1 - - [11/Sep/2023:07:03:12 +0000] "PUT /api/v1/categories/1 HTTP/1.1" 200 65 "-" "PostmanRuntime/7.32.3"
::1 - - [11/Sep/2023:09:26:33 +0000] "POST /api/v1/categories HTTP/1.1" 200 179 "-" "PostmanRuntime/7.32.3"
::1 - - [11/Sep/2023:09:26:40 +0000] "GET /api/v1/categories HTTP/1.1" 200 393 "-" "PostmanRuntime/7.32.3"
::1 - - [11/Sep/2023:09:27:48 +0000] "POST /api/v1/categories HTTP/1.1" 200 194 "-" "PostmanRuntime/7.32.3"
::1 - - [11/Sep/2023:09:27:55 +0000] "GET /api/v1/categories HTTP/1.1" 200 564 "-" "PostmanRuntime/7.32.3"
::1 - - [11/Sep/2023:09:44:56 +0000] "GET /api/v1/categories HTTP/1.1" 200 26 "-" "PostmanRuntime/7.32.3"
::1 - - [11/Sep/2023:09:45:06 +0000] "GET /api/v1/categories HTTP/1.1" 200 564 "-" "PostmanRuntime/7.32.3"
::1 - - [11/Sep/2023:10:10:15 +0000] "POST /api/v1/categories HTTP/1.1" 200 197 "-" "PostmanRuntime/7.32.3"
::1 - - [11/Sep/2023:10:10:25 +0000] "GET /api/v1/categories HTTP/1.1" 200 738 "-" "PostmanRuntime/7.32.3"
::1 - - [11/Sep/2023:10:19:15 +0000] "GET /api/v1/categories HTTP/1.1" 200 623 "-" "PostmanRuntime/7.32.3"
::1 - - [11/Sep/2023:10:29:17 +0000] "GET /api/v1/categories HTTP/1.1" 200 738 "-" "PostmanRuntime/7.32.3"
::1 - - [11/Sep/2023:10:30:41 +0000] "POST /api/v1/categories HTTP/1.1" 200 282 "-" "PostmanRuntime/7.32.3"
::1 - - [11/Sep/2023:10:30:56 +0000] "GET /api/v1/categories HTTP/1.1" 200 997 "-" "PostmanRuntime/7.32.3"
::1 - - [11/Sep/2023:10:44:53 +0000] "GET /api/v1/categories?select=name%20slug HTTP/1.1" 200 997 "-" "PostmanRuntime/7.32.3"
::1 - - [11/Sep/2023:10:45:03 +0000] "GET /api/v1/categories?select=name%20slug HTTP/1.1" 200 997 "-" "PostmanRuntime/7.32.3"
::1 - - [11/Sep/2023:10:45:38 +0000] "GET /api/v1/categories?select=name%20slug HTTP/1.1" 200 997 "-" "PostmanRuntime/7.32.3"
::1 - - [11/Sep/2023:10:48:23 +0000] "GET /api/v1/categories?select=name%20slug HTTP/1.1" 200 369 "-" "PostmanRuntime/7.32.3"
::1 - - [11/Sep/2023:10:49:14 +0000] "GET /api/v1/categories?select=name%20slug%20averageRating HTTP/1.1" 200 441 "-" "PostmanRuntime/7.32.3"
::1 - - [11/Sep/2023:10:49:48 +0000] "GET /api/v1/categories?select=name%20slug%20averageRating&averageRating[$gte]=5 HTTP/1.1" 200 336 "-" "PostmanRuntime/7.32.3"
::1 - - [11/Sep/2023:10:50:02 +0000] "GET /api/v1/categories?select=name%20slug%20averageRating&averageRating[$gte]=1 HTTP/1.1" 200 441 "-" "PostmanRuntime/7.32.3"
::1 - - [11/Sep/2023:10:50:16 +0000] "GET /api/v1/categories?select=name%20slug%20averageRating&averageRating[$gte]=7 HTTP/1.1" 200 223 "-" "PostmanRuntime/7.32.3"
::1 - - [11/Sep/2023:10:52:25 +0000] "GET /api/v1/categories?select=name%20slug%20averageRating&averageRating[$gte]=7&sort=averageRating HTTP/1.1" 200 26 "-" "PostmanRuntime/7.32.3"
::1 - - [11/Sep/2023:10:54:08 +0000] "GET /api/v1/categories?select=name%20slug%20averageRating&averageRating[$gte]=7&sort=averageRating HTTP/1.1" 200 223 "-" "PostmanRuntime/7.32.3"
::1 - - [11/Sep/2023:10:54:41 +0000] "GET /api/v1/categories?select=name%20slug%20averageRating&averageRating[$gte]=7&sort=-averageRating HTTP/1.1" 200 223 "-" "PostmanRuntime/7.32.3"
::1 - - [12/Sep/2023:02:40:43 +0000] "GET /api/v1/categories?select=name%20slug%20averageRating&averageRating[$gte]=7&sort=-averageRating HTTP/1.1" 200 223 "-" "PostmanRuntime/7.32.3"
::1 - - [12/Sep/2023:02:46:22 +0000] "GET /api/v1/categories?select=name$page=1$limit=2 HTTP/1.1" 200 165 "-" "PostmanRuntime/7.32.3"
::1 - - [12/Sep/2023:02:47:22 +0000] "GET /api/v1/categories?select=name$page=1$limit=1 HTTP/1.1" 200 165 "-" "PostmanRuntime/7.32.3"
::1 - - [12/Sep/2023:02:47:51 +0000] "GET /api/v1/categories?select=name HTTP/1.1" 200 285 "-" "PostmanRuntime/7.32.3"
::1 - - [12/Sep/2023:02:49:08 +0000] "GET /api/v1/categories?select=name&page=2&limit=1 HTTP/1.1" 200 92 "-" "PostmanRuntime/7.32.3"
::1 - - [12/Sep/2023:02:49:18 +0000] "GET /api/v1/categories?select=name&page=2&limit=2 HTTP/1.1" 200 158 "-" "PostmanRuntime/7.32.3"
::1 - - [12/Sep/2023:02:49:29 +0000] "GET /api/v1/categories?select=name&page=2&limit=3 HTTP/1.1" 200 215 "-" "PostmanRuntime/7.32.3"
::1 - - [12/Sep/2023:02:49:34 +0000] "GET /api/v1/categories?select=name&page=2&limit=2 HTTP/1.1" 200 158 "-" "PostmanRuntime/7.32.3"
::1 - - [12/Sep/2023:02:58:16 +0000] "GET /api/v1/categories?select=name&page=2&limit=1 HTTP/1.1" 200 174 "-" "PostmanRuntime/7.32.3"
::1 - - [12/Sep/2023:02:58:39 +0000] "GET /api/v1/categories?select=name&page=1&limit=4 HTTP/1.1" 200 342 "-" "PostmanRuntime/7.32.3"
::1 - - [12/Sep/2023:02:58:54 +0000] "GET /api/v1/categories?select=name&page=3&limit=1 HTTP/1.1" 200 165 "-" "PostmanRuntime/7.32.3"
::1 - - [12/Sep/2023:03:02:48 +0000] "GET /api/v1/categories?select=name&page=3&limit=1 HTTP/1.1" 200 165 "-" "PostmanRuntime/7.32.3"
::1 - - [12/Sep/2023:03:02:59 +0000] "GET /api/v1/categories?select=name&page=4&limit=1 HTTP/1.1" 200 165 "-" "PostmanRuntime/7.32.3"
::1 - - [12/Sep/2023:08:04:02 +0000] "GET /api/v1/categories?select=name&page=4&limit=1 HTTP/1.1" 200 162 "-" "PostmanRuntime/7.32.3"
::1 - - [12/Sep/2023:08:04:14 +0000] "GET /api/v1/categories HTTP/1.1" 200 1277 "-" "PostmanRuntime/7.32.3"
::1 - - [12/Sep/2023:09:12:15 +0000] "GET /api/v1/categories HTTP/1.1" 200 1276 "-" "PostmanRuntime/7.32.3"
::1 - - [12/Sep/2023:09:12:36 +0000] "GET /api/v1/categories HTTP/1.1" 200 83 "-" "PostmanRuntime/7.32.3"
::1 - - [12/Sep/2023:09:12:41 +0000] "POST /api/v1/categories HTTP/1.1" 200 283 "-" "PostmanRuntime/7.32.3"
::1 - - [12/Sep/2023:09:14:28 +0000] "POST /api/v1/categories HTTP/1.1" 200 260 "-" "PostmanRuntime/7.32.3"
::1 - - [12/Sep/2023:09:15:07 +0000] "POST /api/v1/categories HTTP/1.1" 200 276 "-" "PostmanRuntime/7.32.3"
::1 - - [12/Sep/2023:09:15:40 +0000] "POST /api/v1/categories HTTP/1.1" 200 275 "-" "PostmanRuntime/7.32.3"
::1 - - [12/Sep/2023:09:18:05 +0000] "GET /api/v1/categories HTTP/1.1" 200 1275 "-" "PostmanRuntime/7.32.3"
::1 - - [12/Sep/2023:11:11:06 +0000] "GET /api/v1/books HTTP/1.1" 404 151 "-" "PostmanRuntime/7.32.3"
::1 - - [12/Sep/2023:11:12:12 +0000] "GET /api/v1/books HTTP/1.1" 404 151 "-" "PostmanRuntime/7.32.3"
::1 - - [12/Sep/2023:11:14:07 +0000] "GET /api/v1/books HTTP/1.1" 200 28907 "-" "PostmanRuntime/7.32.3"
::1 - - [13/Sep/2023:02:33:56 +0000] "GET /api/v1/categories HTTP/1.1" 200 1277 "-" "PostmanRuntime/7.32.3"
::1 - - [13/Sep/2023:02:34:01 +0000] "GET /api/v1/categories/64f82f483671dda5df43a9cd HTTP/1.1" 400 44 "-" "PostmanRuntime/7.32.3"
::1 - - [13/Sep/2023:02:34:13 +0000] "GET /api/v1/categories/65002c1ba3b9f47419e5f805 HTTP/1.1" 200 318 "-" "PostmanRuntime/7.32.3"
::1 - - [13/Sep/2023:02:34:33 +0000] "GET /api/v1/categories/65002c1ba3b9f47419e5f805/books HTTP/1.1" 404 187 "-" "PostmanRuntime/7.32.3"
::1 - - [13/Sep/2023:02:34:44 +0000] "GET /api/v1/books HTTP/1.1" 200 28907 "-" "PostmanRuntime/7.32.3"
::1 - - [13/Sep/2023:02:35:50 +0000] "GET /api/v1/categories/65002c1ba3b9f47419e5f805/books HTTP/1.1" 404 187 "-" "PostmanRuntime/7.32.3"
::1 - - [13/Sep/2023:02:40:34 +0000] "GET /api/v1/books HTTP/1.1" 500 28 "-" "PostmanRuntime/7.32.3"
::1 - - [13/Sep/2023:02:41:19 +0000] "GET /api/v1/books HTTP/1.1" 500 28 "-" "PostmanRuntime/7.32.3"
::1 - - [13/Sep/2023:02:41:44 +0000] "GET /api/v1/books HTTP/1.1" 500 28 "-" "PostmanRuntime/7.32.3"
::1 - - [13/Sep/2023:02:41:57 +0000] "GET /api/v1/books HTTP/1.1" 500 28 "-" "PostmanRuntime/7.32.3"
::1 - - [13/Sep/2023:02:43:53 +0000] "GET /api/v1/books HTTP/1.1" 200 28907 "-" "PostmanRuntime/7.32.3"
::1 - - [13/Sep/2023:02:47:40 +0000] "GET /api/v1/categories/65002c1ba3b9f47419e5f805/books HTTP/1.1" 200 28907 "-" "PostmanRuntime/7.32.3"
::1 - - [13/Sep/2023:02:48:31 +0000] "GET /api/v1/categories/65002c1ba3b9f47419e5f805/books HTTP/1.1" 200 7123 "-" "PostmanRuntime/7.32.3"
::1 - - [13/Sep/2023:02:48:44 +0000] "GET /api/v1/categories/65002c1ba3b9f47419e5f805/books HTTP/1.1" 200 7123 "-" "PostmanRuntime/7.32.3"
::1 - - [13/Sep/2023:02:57:23 +0000] "GET /api/v1/books HTTP/1.1" 200 33801 "-" "PostmanRuntime/7.32.3"
::1 - - [13/Sep/2023:03:07:07 +0000] "GET /api/v1/books HTTP/1.1" 200 29958 "-" "PostmanRuntime/7.32.3"
::1 - - [13/Sep/2023:03:13:31 +0000] "GET /api/v1/books HTTP/1.1" 200 30822 "-" "PostmanRuntime/7.32.3"
::1 - - [13/Sep/2023:03:15:28 +0000] "GET /api/v1/books HTTP/1.1" 200 30822 "-" "PostmanRuntime/7.32.3"
::1 - - [13/Sep/2023:03:15:35 +0000] "GET /api/v1/categories HTTP/1.1" 200 1276 "-" "PostmanRuntime/7.32.3"
::1 - - [13/Sep/2023:03:16:27 +0000] "GET /api/v1/categories/65002c1ba3b9f47419e5f805/books HTTP/1.1" 200 7363 "-" "PostmanRuntime/7.32.3"
::1 - - [13/Sep/2023:03:17:16 +0000] "GET /api/v1/books HTTP/1.1" 200 30822 "-" "PostmanRuntime/7.32.3"
::1 - - [13/Sep/2023:03:46:18 +0000] "GET /api/v1/categories/65002c1ba3b9f47419e5f805 HTTP/1.1" 200 318 "-" "PostmanRuntime/7.32.3"
::1 - - [13/Sep/2023:03:46:28 +0000] "GET /api/v1/categories/65002c1ba3b9f47419e5f805 HTTP/1.1" 200 318 "-" "PostmanRuntime/7.32.3"
::1 - - [13/Sep/2023:03:48:10 +0000] "GET /api/v1/categories/65002c1ba3b9f47419e5f805 HTTP/1.1" 200 7688 "-" "PostmanRuntime/7.32.3"
::1 - - [13/Sep/2023:03:50:20 +0000] "GET /api/v1/books HTTP/1.1" 200 31629 "-" "PostmanRuntime/7.32.3"
::1 - - [13/Sep/2023:06:03:40 +0000] "GET /api/v1/books HTTP/1.1" 200 31629 "-" "PostmanRuntime/7.32.3"
::1 - - [13/Sep/2023:06:03:49 +0000] "GET /api/v1/categories HTTP/1.1" 200 1404 "-" "PostmanRuntime/7.32.3"
::1 - - [13/Sep/2023:06:03:59 +0000] "DELETE /api/v1/categories/65002c1ba3b9f47419e5f805 HTTP/1.1" 200 28 "-" "PostmanRuntime/7.32.3"
::1 - - [13/Sep/2023:06:08:17 +0000] "DELETE /api/v1/categories/65002c1ba3b9f47419e5f805 HTTP/1.1" 500 28 "-" "PostmanRuntime/7.32.3"
::1 - - [13/Sep/2023:06:14:28 +0000] "DELETE /api/v1/categories/65002c1ba3b9f47419e5f805 HTTP/1.1" 500 28 "-" "PostmanRuntime/7.32.3"
::1 - - [13/Sep/2023:06:18:50 +0000] "DELETE /api/v1/categories/65002c1ba3b9f47419e5f805 HTTP/1.1" 200 28 "-" "PostmanRuntime/7.32.3"
::1 - - [13/Sep/2023:06:20:56 +0000] "DELETE /api/v1/categories/65002c1ba3b9f47419e5f805 HTTP/1.1" 500 28 "-" "PostmanRuntime/7.32.3"
::1 - - [13/Sep/2023:06:23:26 +0000] "DELETE /api/v1/categories/65002c1ba3b9f47419e5f805 HTTP/1.1" 200 350 "-" "PostmanRuntime/7.32.3"
::1 - - [13/Sep/2023:06:23:37 +0000] "GET /api/v1/books HTTP/1.1" 200 31059 "-" "PostmanRuntime/7.32.3"
::1 - - [13/Sep/2023:06:24:19 +0000] "DELETE /api/v1/categories/65002bf4f3467a8ad7541e36 HTTP/1.1" 200 321 "-" "PostmanRuntime/7.32.3"
::1 - - [13/Sep/2023:06:24:24 +0000] "GET /api/v1/books HTTP/1.1" 200 30643 "-" "PostmanRuntime/7.32.3"
::1 - - [13/Sep/2023:06:37:59 +0000] "DELETE /api/v1/categories/65002bf4f3467a8ad7541e36 HTTP/1.1" 400 44 "-" "PostmanRuntime/7.32.3"
::1 - - [13/Sep/2023:06:38:12 +0000] "GET /api/v1/categories HTTP/1.1" 200 779 "-" "PostmanRuntime/7.32.3"
::1 - - [13/Sep/2023:06:38:33 +0000] "DELETE /api/v1/categories/65002b89f3467a8ad7541e34 HTTP/1.1" 500 28 "-" "PostmanRuntime/7.32.3"
::1 - - [13/Sep/2023:06:42:03 +0000] "DELETE /api/v1/categories/65002b89f3467a8ad7541e34 HTTP/1.1" 500 28 "-" "PostmanRuntime/7.32.3"
::1 - - [13/Sep/2023:07:12:35 +0000] "DELETE /api/v1/categories/65002b89f3467a8ad7541e34 HTTP/1.1" 200 384 "-" "PostmanRuntime/7.32.3"
::1 - - [13/Sep/2023:07:12:41 +0000] "GET /api/v1/books HTTP/1.1" 200 22904 "-" "PostmanRuntime/7.32.3"
::1 - - [13/Sep/2023:07:12:58 +0000] "GET /api/v1/books HTTP/1.1" 200 31634 "-" "PostmanRuntime/7.32.3"
::1 - - [13/Sep/2023:07:13:10 +0000] "GET /api/v1/categories HTTP/1.1" 200 1405 "-" "PostmanRuntime/7.32.3"
::1 - - [13/Sep/2023:07:13:59 +0000] "GET /api/v1/books HTTP/1.1" 200 31634 "-" "PostmanRuntime/7.32.3"
::1 - - [13/Sep/2023:07:27:47 +0000] "GET /api/v1/books HTTP/1.1" 200 31634 "-" "PostmanRuntime/7.32.3"
::1 - - [13/Sep/2023:07:27:59 +0000] "GET /api/v1/books/650160f5d1113474f6b487e7 HTTP/1.1" 404 176 "-" "PostmanRuntime/7.32.3"
::1 - - [13/Sep/2023:07:28:45 +0000] "GET /api/v1/books/650160f5d1113474f6b487e7 HTTP/1.1" 200 26 "-" "PostmanRuntime/7.32.3"
::1 - - [13/Sep/2023:07:30:21 +0000] "GET /api/v1/books/650160f5d1113474f6b487e7 HTTP/1.1" 200 26 "-" "PostmanRuntime/7.32.3"
::1 - - [13/Sep/2023:07:33:31 +0000] "GET /api/v1/books/650160f5d1113474f6b487e7 HTTP/1.1" 500 28 "-" "PostmanRuntime/7.32.3"
::1 - - [13/Sep/2023:07:34:42 +0000] "GET /api/v1/books/650160f5d1113474f6b487e7 HTTP/1.1" 200 1778 "-" "PostmanRuntime/7.32.3"
::1 - - [13/Sep/2023:08:08:41 +0000] "GET /api/v1/books/650160f5d1113474f6b487e7 HTTP/1.1" 200 1778 "-" "PostmanRuntime/7.32.3"
::1 - - [13/Sep/2023:08:09:06 +0000] "GET /api/v1/books HTTP/1.1" 200 31634 "-" "PostmanRuntime/7.32.3"
::1 - - [13/Sep/2023:08:09:38 +0000] "GET /api/v1/categories/65002c1ba3b9f47419e5f805/books HTTP/1.1" 200 7433 "-" "PostmanRuntime/7.32.3"
::1 - - [13/Sep/2023:08:10:25 +0000] "GET /api/v1/books/650160f5d1113474f6b487e7 HTTP/1.1" 200 1778 "-" "PostmanRuntime/7.32.3"
::1 - - [13/Sep/2023:08:18:26 +0000] "POST /api/v1/books HTTP/1.1" 200 1778 "-" "PostmanRuntime/7.32.3"
::1 - - [13/Sep/2023:08:19:07 +0000] "GET /api/v1/books HTTP/1.1" 200 33484 "-" "PostmanRuntime/7.32.3"
::1 - - [13/Sep/2023:08:24:24 +0000] "POST /api/v1/books HTTP/1.1" 500 279 "-" "PostmanRuntime/7.32.3"
::1 - - [13/Sep/2023:08:24:54 +0000] "POST /api/v1/books HTTP/1.1" 500 240 "-" "PostmanRuntime/7.32.3"
::1 - - [13/Sep/2023:08:25:14 +0000] "POST /api/v1/books HTTP/1.1" 400 44 "-" "PostmanRuntime/7.32.3"
::1 - - [13/Sep/2023:09:19:02 +0000] "GET /api/v1/categories HTTP/1.1" 200 1405 "-" "PostmanRuntime/7.32.3"
::1 - - [13/Sep/2023:09:50:59 +0000] "GET /api/v1/categories HTTP/1.1" 200 1403 "-" "PostmanRuntime/7.32.3"
::1 - - [13/Sep/2023:09:51:08 +0000] "GET /api/v1/books HTTP/1.1" 200 36 "-" "PostmanRuntime/7.32.3"
::1 - - [13/Sep/2023:09:51:19 +0000] "POST /api/v1/books HTTP/1.1" 400 44 "-" "PostmanRuntime/7.32.3"
::1 - - [13/Sep/2023:09:52:53 +0000] "POST /api/v1/books HTTP/1.1" 500 28 "-" "PostmanRuntime/7.32.3"
::1 - - [13/Sep/2023:09:53:12 +0000] "GET /api/v1/categories HTTP/1.1" 200 1403 "-" "PostmanRuntime/7.32.3"
::1 - - [13/Sep/2023:09:53:36 +0000] "POST /api/v1/books HTTP/1.1" 500 279 "-" "PostmanRuntime/7.32.3"
::1 - - [13/Sep/2023:09:53:51 +0000] "GET /api/v1/books HTTP/1.1" 200 1885 "-" "PostmanRuntime/7.32.3"
::1 - - [13/Sep/2023:09:55:42 +0000] "POST /api/v1/books HTTP/1.1" 500 28 "-" "PostmanRuntime/7.32.3"
::1 - - [13/Sep/2023:09:55:51 +0000] "GET /api/v1/books HTTP/1.1" 200 1885 "-" "PostmanRuntime/7.32.3"
::1 - - [13/Sep/2023:09:57:02 +0000] "POST /api/v1/books HTTP/1.1" 500 28 "-" "PostmanRuntime/7.32.3"
::1 - - [14/Sep/2023:06:13:34 +0000] "GET /api/v1/categories HTTP/1.1" 200 1406 "-" "PostmanRuntime/7.32.3"
::1 - - [14/Sep/2023:06:13:43 +0000] "GET /api/v1/books HTTP/1.1" 200 1885 "-" "PostmanRuntime/7.32.3"
::1 - - [14/Sep/2023:06:13:52 +0000] "POST /api/v1/books HTTP/1.1" 500 279 "-" "PostmanRuntime/7.32.3"
::1 - - [14/Sep/2023:06:50:11 +0000] "POST /api/v1/books HTTP/1.1" 200 1760 "-" "PostmanRuntime/7.32.3"
::1 - - [14/Sep/2023:06:53:48 +0000] "GET /api/v1/books HTTP/1.1" 200 3717 "-" "PostmanRuntime/7.32.3"
::1 - - [14/Sep/2023:09:33:42 +0000] "POST /api/v1/books HTTP/1.1" 200 1760 "-" "PostmanRuntime/7.32.3"
::1 - - [14/Sep/2023:09:34:35 +0000] "POST /api/v1/books HTTP/1.1" 200 1760 "-" "PostmanRuntime/7.32.3"
::1 - - [15/Sep/2023:04:37:13 +0000] "GET /api/v1/categories HTTP/1.1" 200 1323 "-" "PostmanRuntime/7.32.3"
::1 - - [15/Sep/2023:04:37:35 +0000] "GET /api/v1/books HTTP/1.1" 200 1847 "-" "PostmanRuntime/7.32.3"
::1 - - [15/Sep/2023:04:52:12 +0000] "POST /api/v1/books HTTP/1.1" 500 261 "-" "PostmanRuntime/7.32.3"
::1 - - [15/Sep/2023:04:52:31 +0000] "POST /api/v1/books HTTP/1.1" 200 1766 "-" "PostmanRuntime/7.32.3"
::1 - - [15/Sep/2023:04:52:38 +0000] "GET /api/v1/categories HTTP/1.1" 200 1323 "-" "PostmanRuntime/7.32.3"
::1 - - [15/Sep/2023:09:46:52 +0000] "POST /api/v1/books HTTP/1.1" 200 1776 "-" "PostmanRuntime/7.32.3"
::1 - - [15/Sep/2023:09:47:00 +0000] "GET /api/v1/categories HTTP/1.1" 200 1323 "-" "PostmanRuntime/7.32.3"
::1 - - [15/Sep/2023:09:48:21 +0000] "POST /api/v1/books HTTP/1.1" 200 1776 "-" "PostmanRuntime/7.32.3"
::1 - - [15/Sep/2023:09:51:55 +0000] "POST /api/v1/books HTTP/1.1" 200 1759 "-" "PostmanRuntime/7.32.3"
::1 - - [15/Sep/2023:09:52:26 +0000] "GET /api/v1/categories HTTP/1.1" 200 1344 "-" "PostmanRuntime/7.32.3"
::1 - - [15/Sep/2023:09:54:08 +0000] "GET /api/v1/categories HTTP/1.1" 200 1408 "-" "PostmanRuntime/7.32.3"
::1 - - [15/Sep/2023:09:54:33 +0000] "GET /api/v1/categories/65002c1ba3b9f47419e5f805/books HTTP/1.1" 200 7433 "-" "PostmanRuntime/7.32.3"
::1 - - [15/Sep/2023:09:54:48 +0000] "GET /api/v1/books HTTP/1.1" 200 31643 "-" "PostmanRuntime/7.32.3"
::1 - - [15/Sep/2023:09:55:02 +0000] "GET /api/v1/categories HTTP/1.1" 200 1408 "-" "PostmanRuntime/7.32.3"
::1 - - [15/Sep/2023:09:55:21 +0000] "GET /api/v1/categories/65002b89f3467a8ad7541e34/books HTTP/1.1" 200 7390 "-" "PostmanRuntime/7.32.3"
::1 - - [15/Sep/2023:10:12:29 +0000] "GET /api/v1/categories HTTP/1.1" 200 1408 "-" "PostmanRuntime/7.32.3"
::1 - - [15/Sep/2023:10:22:36 +0000] "GET /api/v1/categories HTTP/1.1" 200 1407 "-" "PostmanRuntime/7.32.3"
::1 - - [15/Sep/2023:10:43:24 +0000] "GET /api/v1/categories/65002c1ba3b9f47419e5f805 HTTP/1.1" 200 7759 "-" "PostmanRuntime/7.32.3"
::1 - - [15/Sep/2023:10:46:18 +0000] "GET /api/v1/categories/65002c1ba3b9f47419e5f805 HTTP/1.1" 500 97 "-" "PostmanRuntime/7.32.3"
::1 - - [15/Sep/2023:10:49:21 +0000] "GET /api/v1/books/650160f5d1113474f6b487e7 HTTP/1.1" 400 89 "-" "PostmanRuntime/7.32.3"
::1 - - [15/Sep/2023:10:49:27 +0000] "GET /api/v1/books HTTP/1.1" 200 31643 "-" "PostmanRuntime/7.32.3"
::1 - - [15/Sep/2023:10:49:38 +0000] "GET /api/v1/books/6504306727c6dfdde96bbc86 HTTP/1.1" 200 1841 "-" "PostmanRuntime/7.32.3"
::1 - - [16/Sep/2023:00:21:06 +0000] "GET /api/v1/books/6504306727c6dfdde96bbc86 HTTP/1.1" 200 1778 "-" "PostmanRuntime/7.32.3"
::1 - - [16/Sep/2023:00:22:35 +0000] "PUT /api/v1/books/6504306727c6dfdde96bbc86/photo HTTP/1.1" 200 - "-" "PostmanRuntime/7.32.3"
::1 - - [16/Sep/2023:00:25:48 +0000] "PUT /api/v1/books/6504306727c6dfdde96bbc86/photo HTTP/1.1" 200 - "-" "PostmanRuntime/7.32.3"
::1 - - [16/Sep/2023:00:28:50 +0000] "PUT /api/v1/books/6504306727c6dfdde96bbc86/photo HTTP/1.1" 500 98 "-" "PostmanRuntime/7.32.3"
::1 - - [16/Sep/2023:00:31:35 +0000] "PUT /api/v1/books/6504306727c6dfdde96bbc86/photo HTTP/1.1" 500 98 "-" "PostmanRuntime/7.32.3"
::1 - - [16/Sep/2023:00:31:50 +0000] "PUT /api/v1/books/6504306727c6dfdde96bbc86/photo HTTP/1.1" 500 98 "-" "PostmanRuntime/7.32.3"
::1 - - [16/Sep/2023:01:04:59 +0000] "PUT /api/v1/books/6504306727c6dfdde96bbc86/photo HTTP/1.1" 500 98 "-" "PostmanRuntime/7.32.3"
::1 - - [16/Sep/2023:01:10:45 +0000] "PUT /api/v1/books/6504306727c6dfdde96bbc86/photo HTTP/1.1" 500 93 "-" "PostmanRuntime/7.32.3"
::1 - - [16/Sep/2023:01:11:10 +0000] "PUT /api/v1/books/6504306727c6dfdde96bbc86/photo HTTP/1.1" 500 94 "-" "PostmanRuntime/7.32.3"
::1 - - [16/Sep/2023:01:12:53 +0000] "PUT /api/v1/books/6504306727c6dfdde96bbc86/photo HTTP/1.1" 500 96 "-" "PostmanRuntime/7.32.3"
::1 - - [18/Sep/2023:00:21:44 +0000] "PUT /api/v1/books/6504306727c6dfdde96bbc86/photo HTTP/1.1" 500 96 "-" "PostmanRuntime/7.32.3"
::1 - - [18/Sep/2023:00:22:14 +0000] "PUT /api/v1/books/6504306727c6dfdde96bbc86/photo HTTP/1.1" 200 - "-" "PostmanRuntime/7.32.3"
